{"logLevel":"debug","message":"multithreading is set to false"}
{"logLevel":"debug","message":"Using reflection to scan dependencies for gauge implementations..."}
log4j:WARN No appenders could be found for logger (io.grpc.netty.shaded.io.netty.util.internal.logging.InternalLoggerFactory).
log4j:WARN Please initialize the log4j system properly.
log4j:WARN See http://logging.apache.org/log4j/1.2/faq.html#noconfig for more info.
{"logLevel":"debug","message":"gauge-java took 738milliseconds to load and scan. This should be less than 'runner_connection_timeout' config value."}
{"logLevel":"debug","message":"run 'gauge config runner_connection_timeout' and verify that it is < 738"}
{"logLevel":"debug","message":"starting gRPC server..."}
{"logLevel":"debug","message":"started gRPC server on port 56766"}
{"logLevel":"info","message":"Listening on port:56766"}
{"logLevel":"debug","message":"Scanning packages for steps"}
{"logLevel":"debug","message":"Comparing 'Base.StepImplementation.swipe' and 'Base.StepImplementation.swipe'"}
{"logLevel":"debug","message":"Found Sayfanin en asagisina gelene kadar swipe edilir. in current project scope."}
{"logLevel":"debug","message":"Comparing 'Base.StepImplementation.clickSepetim' and 'Base.StepImplementation.clickSepetim'"}
{"logLevel":"debug","message":"Found Sepetim butonuna tiklanir in current project scope."}
{"logLevel":"debug","message":"Comparing 'Base.StepImplementation.clickGeri' and 'Base.StepImplementation.clickGeri'"}
{"logLevel":"debug","message":"Found geri butonuna tiklanir ve katogiriler sayfasinin tekrar acildigi kontrol edilir in current project scope."}
{"logLevel":"debug","message":"Comparing 'Base.StepImplementation.clickKadin' and 'Base.StepImplementation.clickKadin'"}
{"logLevel":"debug","message":"Found Menuden 'Kadın' Secenegine tiklanir in current project scope."}
{"logLevel":"debug","message":"Comparing 'Base.StepImplementation.sonUrun' and 'Base.StepImplementation.sonUrun'"}
{"logLevel":"debug","message":"Found Ekrandaki son urun icin favoriye ekleme butonuna tiklanir in current project scope."}
{"logLevel":"debug","message":"Comparing 'Base.StepImplementation.clickKatagoriler' and 'Base.StepImplementation.clickKatagoriler'"}
{"logLevel":"debug","message":"Found Katagoriler Sayfasi Acilir in current project scope."}
{"logLevel":"debug","message":"Comparing 'Base.StepImplementation.cliclAlisveris' and 'Base.StepImplementation.cliclAlisveris'"}
{"logLevel":"debug","message":"Found Alisverise basla butonuna tiklanir in current project scope."}
{"logLevel":"debug","message":"Comparing 'Base.StepImplementation.checkAlisveris' and 'Base.StepImplementation.checkAlisveris'"}
{"logLevel":"debug","message":"Found Alisveris sayfasinin acildigi dogrulanir. in current project scope."}
{"logLevel":"debug","message":"Comparing 'Base.StepImplementation.clickHesabim' and 'Base.StepImplementation.clickHesabim'"}
{"logLevel":"debug","message":"Found Hesabim butonuna tiklanir in current project scope."}
{"logLevel":"debug","message":"Comparing 'Base.StepImplementation.checkGirisYap' and 'Base.StepImplementation.checkGirisYap'"}
{"logLevel":"debug","message":"Found Giris yapma sayfasinin acildigi kontrol edilir. in current project scope."}
{"logLevel":"debug","message":"Comparing 'Base.StepImplementation.clickPantolon' and 'Base.StepImplementation.clickPantolon'"}
{"logLevel":"debug","message":"Found 'pantolon' kategorisi acilir in current project scope."}
{"logLevel":"debug","message":"Comparing 'Base.StepImplementation.checkKatagoriler' and 'Base.StepImplementation.checkKatagoriler'"}
{"logLevel":"debug","message":"Found Katagoriler Sayfasinin acildigi dogrulanir in current project scope."}
{"logLevel":"debug","message":"Comparing 'Base.StepImplementation.checkAnaSayfa' and 'Base.StepImplementation.checkAnaSayfa'"}
{"logLevel":"debug","message":"Found Uygulamanin acildigi kontrol edilir. in current project scope."}
{"logLevel":"debug","message":"Scanning packages for hooks"}
{"logLevel":"debug","message":"Scanned steps (using static parsing + reflections): "}
{"logLevel":"debug","message":"\tGiris yapma sayfasinin acildigi kontrol edilir. : public void checkGirisYap()"}
{"logLevel":"debug","message":"\tgeri butonuna tiklanir ve katogiriler sayfasinin tekrar acildigi kontrol edilir : public void clickGeri() throws InterruptedException"}
{"logLevel":"debug","message":"\tSayfanin en asagisina gelene kadar swipe edilir. : public void swipe() throws InterruptedException"}
{"logLevel":"debug","message":"\tKatagoriler Sayfasinin acildigi dogrulanir : public void checkKatagoriler()"}
{"logLevel":"debug","message":"\tUygulamanin acildigi kontrol edilir. : public void checkAnaSayfa()"}
{"logLevel":"debug","message":"\tHesabim butonuna tiklanir : public void clickHesabim()"}
{"logLevel":"debug","message":"\tEkrandaki son urun icin favoriye ekleme butonuna tiklanir : public void sonUrun() throws InterruptedException"}
{"logLevel":"debug","message":"\tAlisverise basla butonuna tiklanir : public void cliclAlisveris() throws InterruptedException"}
{"logLevel":"debug","message":"\tAlisveris sayfasinin acildigi dogrulanir. : public void checkAlisveris()"}
{"logLevel":"debug","message":"\t'pantolon' kategorisi acilir : public void clickPantolon()"}
{"logLevel":"debug","message":"\tMenuden 'Kadın' Secenegine tiklanir : public void clickKadin()"}
{"logLevel":"debug","message":"\tSepetim butonuna tiklanir : public void clickSepetim()"}
{"logLevel":"debug","message":"\tKatagoriler Sayfasi Acilir : public void clickKatagoriler()"}
TEST BASLIYOR.....
Tem 25, 2021 3:36:03 PM io.appium.java_client.remote.AppiumCommandExecutor$1 lambda$0
INFO: Detected dialect: W3C
{"logLevel":"debug","message":"Executing 'Uygulamanin acildigi kontrol edilir.' using 'class Base.StepImplementation.checkAnaSayfa"}
Check edildi.
{"logLevel":"debug","message":"Executing 'Alisverise basla butonuna tiklanir' using 'class Base.StepImplementation.cliclAlisveris"}
Elemente tiklandi
1saniye beklenildi.
{"logLevel":"debug","message":"Executing 'Alisveris sayfasinin acildigi dogrulanir.' using 'class Base.StepImplementation.checkAlisveris"}
Check edildi.
{"logLevel":"debug","message":"Executing 'Katagoriler Sayfasi Acilir' using 'class Base.StepImplementation.clickKatagoriler"}
Elemente tiklandi
{"logLevel":"debug","message":"Executing 'Katagoriler Sayfasinin acildigi dogrulanir' using 'class Base.StepImplementation.checkKatagoriler"}
Check edildi.
{"logLevel":"debug","message":"Executing 'Menuden 'Kadın' Secenegine tiklanir' using 'class Base.StepImplementation.clickKadin"}
Elemente tiklandi
{"logLevel":"debug","message":"Executing ''pantolon' kategorisi acilir' using 'class Base.StepImplementation.clickPantolon"}
Elemente tiklandi
{"logLevel":"debug","message":"Executing 'Sayfanin en asagisina gelene kadar swipe edilir.' using 'class Base.StepImplementation.swipe"}
{"logLevel":"debug","message":"Killing Java runner..."}
{"logLevel":"debug","message":"Stopping execution pool..."}
{"logLevel":"debug","message":"Shutting down grpc server..."}
{"logLevel":"debug","message":"Runner killed gracefully."}
